<?xml version="1.0" encoding="UTF-8"?>
<!-- Generated by org.testng.reporters.JUnitReportReporter -->
<testsuite hostname="Ilamaran" name="com.gpom.gproject.TestClass" tests="1" failures="0" timestamp="29 Jul 2017 10:03:01 GMT" time="0.011" errors="0">
  <testcase name="testngTest" time="0.011" classname="com.gpom.gproject.TestClass"/>
</testsuite> <!-- com.gpom.gproject.TestClass -->
